TIMESTAMP, 20:31:37, client, before_request_amazon_dien
TIMESTAMP, 20:31:37, client, after_serialization
TIMESTAMP, 20:31:37, client, after_request_amazon_dien
TIMESTAMP, 20:31:37, client, before_request_amazon_din
TIMESTAMP, 20:31:37, client, after_serialization
TIMESTAMP, 20:31:37, client, after_request_amazon_din
TIMESTAMP, 20:31:37, client, before_request_beauty_bert4rec
TIMESTAMP, 20:31:37, client, after_serialization
TIMESTAMP, 20:31:37, client, after_request_beauty_bert4rec
TIMESTAMP, 20:31:37, client, before_request_criteo_deepfm
TIMESTAMP, 20:31:37, client, after_serialization
TIMESTAMP, 20:31:37, client, after_request_criteo_deepfm
TIMESTAMP, 20:31:38, client, before_request_criteo_difm
TIMESTAMP, 20:31:38, client, after_serialization
TIMESTAMP, 20:31:38, client, after_request_criteo_difm
TIMESTAMP, 20:31:38, client, before_request_criteo_deepfm
TIMESTAMP, 20:31:38, client, after_serialization
TIMESTAMP, 20:31:38, client, after_request_criteo_deepfm
TIMESTAMP, 20:31:38, client, before_request_criteo_dcn
TIMESTAMP, 20:31:38, client, after_serialization
TIMESTAMP, 20:31:38, client, after_request_criteo_dcn
TIMESTAMP, 20:31:38, client, before_request_kdd_dpin
TIMESTAMP, 20:31:38, client, after_serialization
TIMESTAMP, 20:31:38, client, after_request_kdd_dpin
TIMESTAMP, 20:31:38, client, before_request_criteo_difm
TIMESTAMP, 20:31:38, client, after_serialization
TIMESTAMP, 20:31:38, client, after_request_criteo_difm
TIMESTAMP, 20:31:38, client, before_request_amazon_bst
TIMESTAMP, 20:31:38, client, after_serialization
TIMESTAMP, 20:31:38, client, after_request_amazon_bst
TIMESTAMP, 20:31:38, client, before_request_amazon_din
TIMESTAMP, 20:31:38, client, after_serialization
TIMESTAMP, 20:31:38, client, after_request_amazon_din
TIMESTAMP, 20:31:38, client, before_request_criteo_widedeep
TIMESTAMP, 20:31:38, client, after_serialization
TIMESTAMP, 20:31:38, client, after_request_criteo_widedeep
TIMESTAMP, 20:31:38, client, before_request_criteo_difm
TIMESTAMP, 20:31:38, client, after_serialization
TIMESTAMP, 20:31:38, client, after_request_criteo_difm
TIMESTAMP, 20:31:38, client, before_request_criteo_dcn
TIMESTAMP, 20:31:38, client, after_serialization
TIMESTAMP, 20:31:38, client, after_request_criteo_dcn
TIMESTAMP, 20:31:38, client, before_request_amazon_bst
TIMESTAMP, 20:31:38, client, after_serialization
TIMESTAMP, 20:31:38, client, after_request_amazon_bst
TIMESTAMP, 20:31:39, client, before_request_amazon_din
TIMESTAMP, 20:31:39, client, after_serialization
TIMESTAMP, 20:31:39, client, after_request_amazon_din
TIMESTAMP, 20:31:39, client, before_request_amazon_dien
TIMESTAMP, 20:31:39, client, after_serialization
TIMESTAMP, 20:31:39, client, after_request_amazon_dien
TIMESTAMP, 20:31:39, client, before_request_criteo_difm
TIMESTAMP, 20:31:39, client, after_serialization
TIMESTAMP, 20:31:39, client, after_request_criteo_difm
TIMESTAMP, 20:31:39, client, before_request_alidisplay_dmr
TIMESTAMP, 20:31:39, client, after_serialization
TIMESTAMP, 20:31:39, client, after_request_alidisplay_dmr
TIMESTAMP, 20:31:39, client, before_request_criteo_deepfm
TIMESTAMP, 20:31:39, client, after_serialization
TIMESTAMP, 20:31:39, client, after_request_criteo_deepfm
TIMESTAMP, 20:31:39, client, before_request_amazon_dien
TIMESTAMP, 20:31:39, client, after_serialization
TIMESTAMP, 20:31:39, client, after_request_amazon_dien
TIMESTAMP, 20:31:39, client, before_request_amazon_dien
TIMESTAMP, 20:31:39, client, after_serialization
TIMESTAMP, 20:31:39, client, after_request_amazon_dien
TIMESTAMP, 20:31:39, client, before_request_criteo_dcn
TIMESTAMP, 20:31:39, client, after_serialization
TIMESTAMP, 20:31:39, client, after_request_criteo_dcn
TIMESTAMP, 20:31:39, client, before_request_amazon_bst
TIMESTAMP, 20:31:39, client, after_serialization
TIMESTAMP, 20:31:39, client, after_request_amazon_bst
TIMESTAMP, 20:31:39, client, after_connect
TIMESTAMP, 20:39:31, client, close_connection
TIMESTAMP, 20:39:31, client, close_connection
TIMESTAMP, 20:39:31, client, close_connection
TIMESTAMP, 20:39:31, client, close_connection
TIMESTAMP, 20:39:31, client, close_connection
TIMESTAMP, 20:39:31, client, close_connection
TIMESTAMP, 20:39:31, client, close_connection
TIMESTAMP, 20:39:31, client, close_connection
TIMESTAMP, 20:39:31, client, close_connection
TIMESTAMP, 20:39:31, client, close_connection
TIMESTAMP, 20:39:31, client, close_connection
TIMESTAMP, 20:39:31, client, close_connection
TIMESTAMP, 20:39:31, client, close_connection
TIMESTAMP, 20:39:31, client, close_connection
TIMESTAMP, 20:39:31, client, close_connection
TIMESTAMP, 20:39:31, client, close_connection
TIMESTAMP, 20:39:31, client, close_connection
TIMESTAMP, 20:39:31, client, close_connection
TIMESTAMP, 20:39:31, client, close_connection
TIMESTAMP, 20:39:31, client, close_connection
TIMESTAMP, 20:39:31, client, close_connection
TIMESTAMP, 20:39:31, client, close_connection
TIMESTAMP, 20:39:31, client, close_connection
TIMESTAMP, 20:39:31, client, close_connection
TIMESTAMP, 20:39:31, **********, **********
TIMESTAMP, 20:39:31, ../data/balance_24.txt,  
474.53209042549133
